<?xml version="1.0" encoding="UTF-8"?>
<!-- Generated by org.testng.reporters.JUnitReportReporter -->
<testsuite hostname="EMB-BAN-880" failures="0" tests="8" name="Testcases.SimpleEndToEndTest" time="0.006" errors="1" timestamp="2022-05-20T14:54:16 IST" skipped="7">
  <testcase classname="Testcases.SimpleEndToEndTest" name="launchTheBrowser" time="0.006">
    <error message="Cannot invoke &quot;String.equalsIgnoreCase(String)&quot; because &quot;this.browser&quot; is null" type="java.lang.NullPointerException">
      <![CDATA[java.lang.NullPointerException: Cannot invoke "String.equalsIgnoreCase(String)" because "this.browser" is null
at base.Base.launchTheBrowser(Base.java:44)
at java.base/jdk.internal.reflect.NativeMethodAccessorImpl.invoke0(Native Method)
at java.base/jdk.internal.reflect.NativeMethodAccessorImpl.invoke(NativeMethodAccessorImpl.java:78)
at java.base/jdk.internal.reflect.DelegatingMethodAccessorImpl.invoke(DelegatingMethodAccessorImpl.java:43)
at java.base/java.lang.reflect.Method.invoke(Method.java:567)
at org.testng.internal.MethodInvocationHelper.invokeMethod(MethodInvocationHelper.java:133)
at org.testng.internal.MethodInvocationHelper.invokeMethodConsideringTimeout(MethodInvocationHelper.java:62)
at org.testng.internal.ConfigInvoker.invokeConfigurationMethod(ConfigInvoker.java:385)
at org.testng.internal.ConfigInvoker.invokeConfigurations(ConfigInvoker.java:321)
at org.testng.SuiteRunner.privateRun(SuiteRunner.java:317)
at org.testng.SuiteRunner.run(SuiteRunner.java:276)
at org.testng.SuiteRunnerWorker.runSuite(SuiteRunnerWorker.java:53)
at org.testng.SuiteRunnerWorker.run(SuiteRunnerWorker.java:96)
at org.testng.TestNG.runSuitesSequentially(TestNG.java:1212)
at org.testng.TestNG.runSuitesLocally(TestNG.java:1134)
at org.testng.TestNG.runSuites(TestNG.java:1063)
at org.testng.TestNG.run(TestNG.java:1031)
at org.testng.remote.AbstractRemoteTestNG.run(AbstractRemoteTestNG.java:115)
at org.testng.remote.RemoteTestNG.initAndRun(RemoteTestNG.java:251)
at org.testng.remote.RemoteTestNG.main(RemoteTestNG.java:77)
]]>
    </error>
  </testcase> <!-- launchTheBrowser -->
  <system-out/>
  <testcase classname="Testcases.SimpleEndToEndTest" name="LoginTheCustomer" time="0.000">
    <skipped/>
  </testcase> <!-- LoginTheCustomer -->
  <system-out/>
  <testcase classname="Testcases.SimpleEndToEndTest" name="AddTheProductForCheckout" time="0.000">
    <skipped/>
  </testcase> <!-- AddTheProductForCheckout -->
  <system-out/>
  <testcase classname="Testcases.SimpleEndToEndTest" name="MovetoCheckoutAndConfirmTheShippingAndBillingAddress" time="0.000">
    <skipped/>
  </testcase> <!-- MovetoCheckoutAndConfirmTheShippingAndBillingAddress -->
  <system-out/>
  <testcase classname="Testcases.SimpleEndToEndTest" name="SelectDeliveryOption" time="0.000">
    <skipped/>
  </testcase> <!-- SelectDeliveryOption -->
  <system-out/>
  <testcase classname="Testcases.SimpleEndToEndTest" name="SelectKNET" time="0.000">
    <skipped/>
  </testcase> <!-- SelectKNET -->
  <system-out/>
  <testcase classname="Testcases.SimpleEndToEndTest" name="EnterKNETCardDetailsAndSubmit" time="0.000">
    <skipped/>
  </testcase> <!-- EnterKNETCardDetailsAndSubmit -->
  <system-out/>
  <testcase classname="Testcases.SimpleEndToEndTest" name="VerifyTheOrderOnMyAccount" time="0.000">
    <skipped/>
  </testcase> <!-- VerifyTheOrderOnMyAccount -->
  <system-out/>
</testsuite> <!-- Testcases.SimpleEndToEndTest -->
