<?xml version="1.0" encoding="UTF-8"?>
<!-- Generated by org.testng.reporters.JUnitXMLReporter -->
<testsuite ignored="0" hostname="EMB-BAN-880" failures="1" tests="1" name="Checkout" time="40.439" errors="0" timestamp="2022-05-03T22:16:15 IST">
  <testcase classname="commonFiles.CommonFunctions" name="@AfterMethod afterClass" time="0.127">
    <failure type="java.lang.ClassCastException" message="class com.aventstack.extentreports.ExtentTest cannot be cast to class com.aventstack.extentreports.markuputils.Markup (com.aventstack.extentreports.ExtentTest and com.aventstack.extentreports.markuputils.Markup are in unnamed module of loader &amp;apos;app&amp;apos;)">
      <![CDATA[java.lang.ClassCastException: class com.aventstack.extentreports.ExtentTest cannot be cast to class com.aventstack.extentreports.markuputils.Markup (com.aventstack.extentreports.ExtentTest and com.aventstack.extentreports.markuputils.Markup are in unnamed module of loader 'app')
at utility.ExtentReportUtility.extentListener(ExtentReportUtility.java:58)
at commonFiles.CommonFunctions.afterClass(CommonFunctions.java:79)
at java.base/java.util.ArrayList.forEach(ArrayList.java:1511)
... Removed 32 stack frames]]>
    </failure>
  </testcase> <!-- @AfterMethod afterClass -->
  <testcase classname="Testcases.Checkout" name="checkout" time="40.304">
    <failure type="org.openqa.selenium.ElementNotInteractableException" message="element not interactable
  (Session info: chrome=101.0.4951.41)
Build info: version: &amp;apos;4.0.0-rc-2&amp;apos;, revision: &amp;apos;8d1e4aa5ae&amp;apos;
System info: host: &amp;apos;EMB-BAN-880&amp;apos;, ip: &amp;apos;192.168.56.1&amp;apos;, os.name: &amp;apos;Windows 10&amp;apos;, os.arch: &amp;apos;amd64&amp;apos;, os.version: &amp;apos;10.0&amp;apos;, java.version: &amp;apos;16.0.2&amp;apos;
Driver info: org.openqa.selenium.chrome.ChromeDriver
Command: [b2ea0e2b6e48bbada8005288abd75a3f, clickElement {id=98e173bd-3912-40e1-8b26-b6465a4700ad}]
Capabilities {acceptInsecureCerts: false, browserName: chrome, browserVersion: 101.0.4951.41, chrome: {chromedriverVersion: 101.0.4951.41 (93c720db8323..., userDataDir: C:\Users\EMB-MA~1\AppData\L...}, goog:chromeOptions: {debuggerAddress: localhost:65242}, javascriptEnabled: true, networkConnectionEnabled: false, pageLoadStrategy: normal, platform: WINDOWS, platformName: WINDOWS, proxy: Proxy(), se:cdp: ws://localhost:65242/devtoo..., se:cdpVersion: 101.0.4951.41, setWindowRect: true, strictFileInteractability: false, timeouts: {implicit: 0, pageLoad: 300000, script: 30000}, unhandledPromptBehavior: dismiss and notify, webauthn:extension:credBlob: true, webauthn:extension:largeBlob: true, webauthn:virtualAuthenticators: true}
Element: [[ChromeDriver: chrome on WINDOWS (b2ea0e2b6e48bbada8005288abd75a3f)] -&amp;gt; xpath: (//a[text()=&amp;apos;Confirm Location&amp;apos;])[1]]
Session ID: b2ea0e2b6e48bbada8005288abd75a3f">
      <![CDATA[org.openqa.selenium.ElementNotInteractableException: element not interactable
  (Session info: chrome=101.0.4951.41)
Build info: version: '4.0.0-rc-2', revision: '8d1e4aa5ae'
System info: host: 'EMB-BAN-880', ip: '192.168.56.1', os.name: 'Windows 10', os.arch: 'amd64', os.version: '10.0', java.version: '16.0.2'
Driver info: org.openqa.selenium.chrome.ChromeDriver
Command: [b2ea0e2b6e48bbada8005288abd75a3f, clickElement {id=98e173bd-3912-40e1-8b26-b6465a4700ad}]
Capabilities {acceptInsecureCerts: false, browserName: chrome, browserVersion: 101.0.4951.41, chrome: {chromedriverVersion: 101.0.4951.41 (93c720db8323..., userDataDir: C:\Users\EMB-MA~1\AppData\L...}, goog:chromeOptions: {debuggerAddress: localhost:65242}, javascriptEnabled: true, networkConnectionEnabled: false, pageLoadStrategy: normal, platform: WINDOWS, platformName: WINDOWS, proxy: Proxy(), se:cdp: ws://localhost:65242/devtoo..., se:cdpVersion: 101.0.4951.41, setWindowRect: true, strictFileInteractability: false, timeouts: {implicit: 0, pageLoad: 300000, script: 30000}, unhandledPromptBehavior: dismiss and notify, webauthn:extension:credBlob: true, webauthn:extension:largeBlob: true, webauthn:virtualAuthenticators: true}
Element: [[ChromeDriver: chrome on WINDOWS (b2ea0e2b6e48bbada8005288abd75a3f)] -> xpath: (//a[text()='Confirm Location'])[1]]
Session ID: b2ea0e2b6e48bbada8005288abd75a3f
at org.openqa.selenium.remote.codec.w3c.W3CHttpResponseCodec.createException(W3CHttpResponseCodec.java:200)
at org.openqa.selenium.remote.codec.w3c.W3CHttpResponseCodec.decode(W3CHttpResponseCodec.java:133)
at org.openqa.selenium.remote.codec.w3c.W3CHttpResponseCodec.decode(W3CHttpResponseCodec.java:53)
at org.openqa.selenium.remote.HttpCommandExecutor.execute(HttpCommandExecutor.java:184)
at org.openqa.selenium.remote.service.DriverCommandExecutor.invokeExecute(DriverCommandExecutor.java:164)
at org.openqa.selenium.remote.service.DriverCommandExecutor.execute(DriverCommandExecutor.java:139)
at org.openqa.selenium.remote.RemoteWebDriver.execute(RemoteWebDriver.java:559)
at org.openqa.selenium.remote.RemoteWebElement.execute(RemoteWebElement.java:251)
at org.openqa.selenium.remote.RemoteWebElement.click(RemoteWebElement.java:77)
at org.openqa.selenium.support.pagefactory.internal.LocatingElementHandler.invoke(LocatingElementHandler.java:52)
at jdk.proxy2/jdk.proxy2.$Proxy18.click(Unknown Source)
at Testcases.Checkout.checkout(Checkout.java:51)
at java.base/java.util.ArrayList.forEach(ArrayList.java:1511)
... Removed 36 stack frames]]>
    </failure>
  </testcase> <!-- checkout -->
</testsuite> <!-- Checkout -->
