<?xml version="1.0" encoding="UTF-8"?>
<!-- Generated by org.testng.reporters.JUnitXMLReporter -->
<testsuite ignored="0" hostname="EMB-BAN-880" failures="1" tests="7" name="End to End Test" time="11.053" errors="0" timestamp="2022-05-18T14:39:54 IST">
  <testcase classname="base.Base" name="@AfterMethod afterClass" time="0.179">
    <failure type="java.lang.ClassCastException" message="class com.aventstack.extentreports.ExtentTest cannot be cast to class com.aventstack.extentreports.markuputils.Markup (com.aventstack.extentreports.ExtentTest and com.aventstack.extentreports.markuputils.Markup are in unnamed module of loader &amp;apos;app&amp;apos;)">
      <![CDATA[java.lang.ClassCastException: class com.aventstack.extentreports.ExtentTest cannot be cast to class com.aventstack.extentreports.markuputils.Markup (com.aventstack.extentreports.ExtentTest and com.aventstack.extentreports.markuputils.Markup are in unnamed module of loader 'app')
at utility.ExtentReportUtility.extentListener(ExtentReportUtility.java:58)
at base.Base.afterClass(Base.java:77)
at java.base/java.util.ArrayList.forEach(ArrayList.java:1511)
... Removed 32 stack frames]]>
    </failure>
  </testcase> <!-- @AfterMethod afterClass -->
  <testcase classname="Testcases.SimpleEndToEndTest" name="LoginTheCustomer" time="6.953"/>
  <testcase classname="Testcases.SimpleEndToEndTest" name="AddTheProductForCheckout" time="3.877">
    <failure type="java.lang.AssertionError" message="invalid selector: Unable to locate an element with the xpath expression ((//a[contains(@href, &amp;apos;product/view/id&amp;apos;)]/folwing::div/span[@class=&amp;apos;price&amp;apos;])/parent::div/parent::span/preceding-sibling::a)[1] because of the following error:
SyntaxError: Failed to execute &amp;apos;evaluate&amp;apos; on &amp;apos;Document&amp;apos;: The string &amp;apos;((//a[contains(@href, &amp;apos;product/view/id&amp;apos;)]/folwing::div/span[@class=&amp;apos;price&amp;apos;])/parent::div/parent::span/preceding-sibling::a)[1]&amp;apos; is not a valid XPath expression.
  (Session info: chrome=101.0.4951.54)
For documentation on this error, please visit: https://selenium.dev/exceptions/#invalid_selector_exception
Build info: version: &amp;apos;4.0.0-rc-2&amp;apos;, revision: &amp;apos;8d1e4aa5ae&amp;apos;
System info: host: &amp;apos;EMB-BAN-880&amp;apos;, ip: &amp;apos;192.168.56.1&amp;apos;, os.name: &amp;apos;Windows 10&amp;apos;, os.arch: &amp;apos;amd64&amp;apos;, os.version: &amp;apos;10.0&amp;apos;, java.version: &amp;apos;16.0.2&amp;apos;
Driver info: org.openqa.selenium.chrome.ChromeDriver
Command: [a38bf62b5b77d78c35597b03799326a4, findElement {using=xpath, value=((//a[contains(@href, &amp;apos;product/view/id&amp;apos;)]/folwing::div/span[@class=&amp;apos;price&amp;apos;])/parent::div/parent::span/preceding-sibling::a)[1]}]
Capabilities {acceptInsecureCerts: false, browserName: chrome, browserVersion: 101.0.4951.54, chrome: {chromedriverVersion: 101.0.4951.41 (93c720db8323..., userDataDir: C:\Users\EMB-MA~1\AppData\L...}, goog:chromeOptions: {debuggerAddress: localhost:59514}, javascriptEnabled: true, networkConnectionEnabled: false, pageLoadStrategy: normal, platform: WINDOWS, platformName: WINDOWS, proxy: Proxy(), se:cdp: ws://localhost:59514/devtoo..., se:cdpVersion: 101.0.4951.54, setWindowRect: true, strictFileInteractability: false, timeouts: {implicit: 0, pageLoad: 300000, script: 30000}, unhandledPromptBehavior: dismiss and notify, webauthn:extension:credBlob: true, webauthn:extension:largeBlob: true, webauthn:virtualAuthenticators: true}
Session ID: a38bf62b5b77d78c35597b03799326a4">
      <![CDATA[java.lang.AssertionError: invalid selector: Unable to locate an element with the xpath expression ((//a[contains(@href, 'product/view/id')]/folwing::div/span[@class='price'])/parent::div/parent::span/preceding-sibling::a)[1] because of the following error:
SyntaxError: Failed to execute 'evaluate' on 'Document': The string '((//a[contains(@href, 'product/view/id')]/folwing::div/span[@class='price'])/parent::div/parent::span/preceding-sibling::a)[1]' is not a valid XPath expression.
  (Session info: chrome=101.0.4951.54)
For documentation on this error, please visit: https://selenium.dev/exceptions/#invalid_selector_exception
Build info: version: '4.0.0-rc-2', revision: '8d1e4aa5ae'
System info: host: 'EMB-BAN-880', ip: '192.168.56.1', os.name: 'Windows 10', os.arch: 'amd64', os.version: '10.0', java.version: '16.0.2'
Driver info: org.openqa.selenium.chrome.ChromeDriver
Command: [a38bf62b5b77d78c35597b03799326a4, findElement {using=xpath, value=((//a[contains(@href, 'product/view/id')]/folwing::div/span[@class='price'])/parent::div/parent::span/preceding-sibling::a)[1]}]
Capabilities {acceptInsecureCerts: false, browserName: chrome, browserVersion: 101.0.4951.54, chrome: {chromedriverVersion: 101.0.4951.41 (93c720db8323..., userDataDir: C:\Users\EMB-MA~1\AppData\L...}, goog:chromeOptions: {debuggerAddress: localhost:59514}, javascriptEnabled: true, networkConnectionEnabled: false, pageLoadStrategy: normal, platform: WINDOWS, platformName: WINDOWS, proxy: Proxy(), se:cdp: ws://localhost:59514/devtoo..., se:cdpVersion: 101.0.4951.54, setWindowRect: true, strictFileInteractability: false, timeouts: {implicit: 0, pageLoad: 300000, script: 30000}, unhandledPromptBehavior: dismiss and notify, webauthn:extension:credBlob: true, webauthn:extension:largeBlob: true, webauthn:virtualAuthenticators: true}
Session ID: a38bf62b5b77d78c35597b03799326a4
at functionLibraries.CategoryLibrary.selectFirstProductFromTheFirstCategory(CategoryLibrary.java:38)
at Testcases.SimpleEndToEndTest.AddTheProductForCheckout(SimpleEndToEndTest.java:22)
at java.base/java.util.ArrayList.forEach(ArrayList.java:1511)
... Removed 28 stack frames]]>
    </failure>
  </testcase> <!-- AddTheProductForCheckout -->
  <testcase classname="Testcases.SimpleEndToEndTest" name="MovetoCheckoutAndConfirmTheShippingAndBillingAddress" time="0.0">
    <skipped/>
  </testcase> <!-- MovetoCheckoutAndConfirmTheShippingAndBillingAddress -->
  <testcase classname="Testcases.SimpleEndToEndTest" name="SelectDeliveryOption" time="0.0">
    <skipped/>
  </testcase> <!-- SelectDeliveryOption -->
  <testcase classname="Testcases.SimpleEndToEndTest" name="SelectKNET" time="0.0">
    <skipped/>
  </testcase> <!-- SelectKNET -->
  <testcase classname="Testcases.SimpleEndToEndTest" name="EnterKNETCardDetailsAndSubmit" time="0.0">
    <skipped/>
  </testcase> <!-- EnterKNETCardDetailsAndSubmit -->
  <testcase classname="Testcases.SimpleEndToEndTest" name="VerifyTheOrderOnMyAccount" time="0.0">
    <skipped/>
  </testcase> <!-- VerifyTheOrderOnMyAccount -->
</testsuite> <!-- End to End Test -->
