<?xml version="1.0" encoding="UTF-8"?>
<!-- Generated by org.testng.reporters.JUnitXMLReporter -->
<testsuite ignored="0" hostname="EMB-BAN-880" failures="1" tests="7" name="Login Test" time="2.702" errors="0" timestamp="2022-05-08T19:35:21 IST">
  <testcase classname="base.Base" name="@AfterMethod afterClass" time="0.03">
    <failure type="java.lang.IllegalArgumentException" message="ScreenCapture path must not be null or empty">
      <![CDATA[java.lang.IllegalArgumentException: ScreenCapture path must not be null or empty
at com.aventstack.extentreports.util.Assert.notEmpty(Assert.java:12)
at com.aventstack.extentreports.ExtentTest.addScreenCaptureFromPath(ExtentTest.java:1074)
at com.aventstack.extentreports.ExtentTest.addScreenCaptureFromPath(ExtentTest.java:1082)
at utility.ExtentReportUtility.extentListener(ExtentReportUtility.java:58)
at base.Base.afterClass(Base.java:77)
at java.base/java.util.ArrayList.forEach(ArrayList.java:1511)
... Removed 32 stack frames]]>
    </failure>
  </testcase> <!-- @AfterMethod afterClass -->
  <testcase classname="base.Base" name="@AfterMethod afterClass" time="-1.652018721819E9">
    <skipped/>
  </testcase> <!-- @AfterMethod afterClass -->
  <testcase classname="base.Base" name="@AfterMethod afterClass" time="-1.652018721831E9">
    <skipped/>
  </testcase> <!-- @AfterMethod afterClass -->
  <testcase classname="base.Base" name="@AfterMethod afterClass" time="-1.652018721839E9">
    <skipped/>
  </testcase> <!-- @AfterMethod afterClass -->
  <testcase classname="base.Base" name="@AfterMethod afterClass" time="-1.652018721855E9">
    <skipped/>
  </testcase> <!-- @AfterMethod afterClass -->
  <testcase classname="base.Base" name="@AfterMethod afterClass" time="-1.652018721882E9">
    <skipped/>
  </testcase> <!-- @AfterMethod afterClass -->
  <testcase classname="base.Base" name="@AfterMethod afterClass" time="-1.652018721892E9">
    <skipped/>
  </testcase> <!-- @AfterMethod afterClass -->
  <testcase classname="Testcases.SimpleEndtoEnd" name="login" time="2.495">
    <failure type="java.lang.AssertionError" message="no such window: target window already closed
from unknown error: web view not found
  (Session info: MicrosoftEdge=101.0.1210.39)
Build info: version: &amp;apos;4.0.0-rc-2&amp;apos;, revision: &amp;apos;8d1e4aa5ae&amp;apos;
System info: host: &amp;apos;EMB-BAN-880&amp;apos;, ip: &amp;apos;192.168.56.1&amp;apos;, os.name: &amp;apos;Windows 10&amp;apos;, os.arch: &amp;apos;amd64&amp;apos;, os.version: &amp;apos;10.0&amp;apos;, java.version: &amp;apos;16.0.2&amp;apos;
Driver info: org.openqa.selenium.edge.EdgeDriver
Command: [12e484ecb7c1bbb389c1aff874022b0b, findElement {using=name, value=login[username]}]
Capabilities {acceptInsecureCerts: false, browserName: msedge, browserVersion: 101.0.1210.39, javascriptEnabled: true, ms:edgeOptions: {debuggerAddress: localhost:61619}, msedge: {msedgedriverVersion: 101.0.1210.14 (d18ac54226b9..., userDataDir: C:\Users\EMB-MA~1\AppData\L...}, networkConnectionEnabled: false, pageLoadStrategy: normal, platform: WINDOWS, platformName: WINDOWS, proxy: Proxy(), se:cdp: ws://localhost:61619/devtoo..., se:cdpVersion: 101.0.1210.39, setWindowRect: true, strictFileInteractability: false, timeouts: {implicit: 0, pageLoad: 300000, script: 30000}, unhandledPromptBehavior: dismiss and notify, webauthn:extension:credBlob: true, webauthn:extension:largeBlob: true, webauthn:virtualAuthenticators: true}
Session ID: 12e484ecb7c1bbb389c1aff874022b0b">
      <![CDATA[java.lang.AssertionError: no such window: target window already closed
from unknown error: web view not found
  (Session info: MicrosoftEdge=101.0.1210.39)
Build info: version: '4.0.0-rc-2', revision: '8d1e4aa5ae'
System info: host: 'EMB-BAN-880', ip: '192.168.56.1', os.name: 'Windows 10', os.arch: 'amd64', os.version: '10.0', java.version: '16.0.2'
Driver info: org.openqa.selenium.edge.EdgeDriver
Command: [12e484ecb7c1bbb389c1aff874022b0b, findElement {using=name, value=login[username]}]
Capabilities {acceptInsecureCerts: false, browserName: msedge, browserVersion: 101.0.1210.39, javascriptEnabled: true, ms:edgeOptions: {debuggerAddress: localhost:61619}, msedge: {msedgedriverVersion: 101.0.1210.14 (d18ac54226b9..., userDataDir: C:\Users\EMB-MA~1\AppData\L...}, networkConnectionEnabled: false, pageLoadStrategy: normal, platform: WINDOWS, platformName: WINDOWS, proxy: Proxy(), se:cdp: ws://localhost:61619/devtoo..., se:cdpVersion: 101.0.1210.39, setWindowRect: true, strictFileInteractability: false, timeouts: {implicit: 0, pageLoad: 300000, script: 30000}, unhandledPromptBehavior: dismiss and notify, webauthn:extension:credBlob: true, webauthn:extension:largeBlob: true, webauthn:virtualAuthenticators: true}
Session ID: 12e484ecb7c1bbb389c1aff874022b0b
at Testcases.SimpleEndtoEnd.login(SimpleEndtoEnd.java:51)
at java.base/java.util.ArrayList.forEach(ArrayList.java:1511)
... Removed 28 stack frames]]>
    </failure>
  </testcase> <!-- login -->
  <testcase classname="Testcases.SimpleEndtoEnd" name="select_Product_From_The_Category" time="0.0">
    <skipped/>
  </testcase> <!-- select_Product_From_The_Category -->
  <testcase classname="Testcases.SimpleEndtoEnd" name="checkout" time="0.0">
    <skipped/>
  </testcase> <!-- checkout -->
  <testcase classname="Testcases.SimpleEndtoEnd" name="select_Delivery_Options" time="0.0">
    <skipped/>
  </testcase> <!-- select_Delivery_Options -->
  <testcase classname="Testcases.SimpleEndtoEnd" name="select_Payment_Method" time="0.0">
    <skipped/>
  </testcase> <!-- select_Payment_Method -->
  <testcase classname="Testcases.SimpleEndtoEnd" name="complete_KNET_Payment" time="0.0">
    <skipped/>
  </testcase> <!-- complete_KNET_Payment -->
  <testcase classname="Testcases.SimpleEndtoEnd" name="Verify_The_Order_Details_On_My_Account" time="0.002">
    <skipped/>
  </testcase> <!-- Verify_The_Order_Details_On_My_Account -->
</testsuite> <!-- Login Test -->
